app/build/intermediates/manifest_merge_blame_file/debug/manifest-merger-blame-debug-report.txt
1<?xml version="1.0" encoding="utf-8"?>
2<manifest xmlns:android="http://schemas.android.com/apk/res/android"
3    package="sample.tencent.matrix"
4    android:versionCode="1"
5    android:versionName="1.0" >
6
7    <uses-sdk
8        android:minSdkVersion="21"
8-->src/main/AndroidManifest.xml
9        android:targetSdkVersion="29" />
9-->src/main/AndroidManifest.xml
10
11    <uses-permission android:name="android.permission.INTERNET" />
11-->src/main/AndroidManifest.xml:5:5-66
11-->src/main/AndroidManifest.xml:5:22-64
12    <uses-permission android:name="android.permission.WRITE_EXTERNAL_STORAGE" />
12-->src/main/AndroidManifest.xml:6:5-80
12-->src/main/AndroidManifest.xml:6:22-78
13    <uses-permission android:name="android.permission.MOUNT_UNMOUNT_FILESYSTEMS" />
13-->src/main/AndroidManifest.xml:7:5-83
13-->src/main/AndroidManifest.xml:7:22-81
14    <uses-permission android:name="android.permission.READ_EXTERNAL_STORAGE" />
14-->src/main/AndroidManifest.xml:8:5-79
14-->src/main/AndroidManifest.xml:8:22-77
15    <uses-permission android:name="android.permission.WAKE_LOCK" />
15-->src/main/AndroidManifest.xml:9:5-67
15-->src/main/AndroidManifest.xml:9:22-65
16    <uses-permission android:name="android.permission.SYSTEM_ALERT_WINDOW" />
16-->src/main/AndroidManifest.xml:10:5-78
16-->src/main/AndroidManifest.xml:10:22-75
17
18    <permission
18-->[com.tencent.matrix:matrix-resource-canary-android:2.0.2] AndroidManifest.xml:13:5-15:47
19        android:name="sample.tencent.matrix.manual.dump"
19-->[com.tencent.matrix:matrix-resource-canary-android:2.0.2] AndroidManifest.xml:14:9-52
20        android:protectionLevel="signature" />
20-->[com.tencent.matrix:matrix-resource-canary-android:2.0.2] AndroidManifest.xml:15:9-44
21
22    <uses-permission android:name="sample.tencent.matrix.manual.dump" />
22-->[com.tencent.matrix:matrix-resource-canary-android:2.0.2] AndroidManifest.xml:17:5-68
22-->[com.tencent.matrix:matrix-resource-canary-android:2.0.2] AndroidManifest.xml:17:22-65
23
24    <permission
24-->[com.tencent.matrix:matrix-backtrace:2.0.2] AndroidManifest.xml:11:5-13:47
25        android:name="sample.tencent.matrix.backtrace.warmed_up"
25-->[com.tencent.matrix:matrix-backtrace:2.0.2] AndroidManifest.xml:12:9-60
26        android:protectionLevel="signature" />
26-->[com.tencent.matrix:matrix-backtrace:2.0.2] AndroidManifest.xml:13:9-44
27
28    <uses-permission android:name="sample.tencent.matrix.backtrace.warmed_up" />
28-->[com.tencent.matrix:matrix-backtrace:2.0.2] AndroidManifest.xml:15:5-76
28-->[com.tencent.matrix:matrix-backtrace:2.0.2] AndroidManifest.xml:15:22-73
29
30    <application
30-->src/main/AndroidManifest.xml:12:5-45:19
31        android:name="sample.tencent.matrix.MatrixApplication"
31-->src/main/AndroidManifest.xml:13:9-42
32        android:allowBackup="true"
32-->src/main/AndroidManifest.xml:14:9-35
33        android:appComponentFactory="androidx.core.app.CoreComponentFactory"
33-->[androidx.core:core:1.1.0] AndroidManifest.xml:24:18-86
34        android:debuggable="true"
35        android:icon="@mipmap/ic_launcher"
35-->src/main/AndroidManifest.xml:15:9-43
36        android:label="@string/app_name"
36-->src/main/AndroidManifest.xml:16:9-41
37        android:supportsRtl="true"
37-->src/main/AndroidManifest.xml:17:9-35
38        android:testOnly="true"
39        android:theme="@style/AppTheme" >
39-->src/main/AndroidManifest.xml:18:9-40
40        <activity android:name="sample.tencent.matrix.MainActivity" >
40-->src/main/AndroidManifest.xml:19:9-21:20
40-->src/main/AndroidManifest.xml:19:19-47
41        </activity>
42        <activity
42-->src/main/AndroidManifest.xml:23:9-93
43            android:name="sample.tencent.matrix.issue.IssuesListActivity"
43-->src/main/AndroidManifest.xml:23:19-59
44            android:launchMode="singleTask" />
44-->src/main/AndroidManifest.xml:23:60-91
45        <activity android:name="sample.tencent.matrix.SplashActivity" >
45-->src/main/AndroidManifest.xml:25:9-31:20
45-->src/main/AndroidManifest.xml:25:19-49
46            <intent-filter>
46-->src/main/AndroidManifest.xml:26:13-30:29
47                <action android:name="android.intent.action.MAIN" />
47-->src/main/AndroidManifest.xml:27:17-68
47-->src/main/AndroidManifest.xml:27:25-66
48
49                <category android:name="android.intent.category.LAUNCHER" />
49-->src/main/AndroidManifest.xml:29:17-76
49-->src/main/AndroidManifest.xml:29:27-74
50            </intent-filter>
51        </activity>
52        <activity android:name="sample.tencent.matrix.resource.ManualDumpActivity" />
52-->src/main/AndroidManifest.xml:32:9-64
52-->src/main/AndroidManifest.xml:32:19-62
53        <activity android:name="sample.tencent.matrix.io.TestIOActivity" />
53-->src/main/AndroidManifest.xml:33:9-55
53-->src/main/AndroidManifest.xml:33:19-52
54        <activity
54-->src/main/AndroidManifest.xml:34:9-35:42
55            android:name="sample.tencent.matrix.resource.TestLeakActivity"
55-->src/main/AndroidManifest.xml:34:19-60
56            android:process=":leaktest" />
56-->src/main/AndroidManifest.xml:35:13-40
57        <activity android:name="sample.tencent.matrix.trace.TestTraceMainActivity" />
57-->src/main/AndroidManifest.xml:36:9-65
57-->src/main/AndroidManifest.xml:36:19-62
58        <activity android:name="sample.tencent.matrix.trace.TestTraceFragmentActivity" />
58-->src/main/AndroidManifest.xml:37:9-69
58-->src/main/AndroidManifest.xml:37:19-66
59        <activity android:name="sample.tencent.matrix.trace.TestEnterActivity" />
59-->src/main/AndroidManifest.xml:38:9-61
59-->src/main/AndroidManifest.xml:38:19-58
60        <activity android:name="sample.tencent.matrix.trace.TestFpsActivity" />
60-->src/main/AndroidManifest.xml:39:9-59
60-->src/main/AndroidManifest.xml:39:19-56
61        <activity android:name="sample.tencent.matrix.sqlitelint.TestSQLiteLintActivity" />
61-->src/main/AndroidManifest.xml:40:9-71
61-->src/main/AndroidManifest.xml:40:19-68
62        <activity android:name="sample.tencent.matrix.battery.TestBatteryActivity" />
62-->src/main/AndroidManifest.xml:41:9-65
62-->src/main/AndroidManifest.xml:41:19-62
63        <activity android:name="sample.tencent.matrix.hooks.TestHooksActivity" />
63-->src/main/AndroidManifest.xml:42:9-61
63-->src/main/AndroidManifest.xml:42:19-58
64
65        <service
65-->src/main/AndroidManifest.xml:44:9-86
66            android:name="sample.tencent.matrix.hooks.OtherProcessService"
66-->src/main/AndroidManifest.xml:44:18-59
67            android:process=":other" />
67-->src/main/AndroidManifest.xml:44:60-84
68
69        <activity
69-->[com.tencent.matrix:matrix-sqlite-lint-android-sdk:2.0.2] AndroidManifest.xml:12:9-18:20
70            android:name="com.tencent.sqlitelint.behaviour.alert.CheckedDatabaseListActivity"
70-->[com.tencent.matrix:matrix-sqlite-lint-android-sdk:2.0.2] AndroidManifest.xml:13:13-94
71            android:exported="true"
71-->[com.tencent.matrix:matrix-sqlite-lint-android-sdk:2.0.2] AndroidManifest.xml:14:13-36
72            android:icon="@drawable/sqlite_lint_icon"
72-->[com.tencent.matrix:matrix-sqlite-lint-android-sdk:2.0.2] AndroidManifest.xml:15:13-54
73            android:label="SQLiteLint"
73-->[com.tencent.matrix:matrix-sqlite-lint-android-sdk:2.0.2] AndroidManifest.xml:16:13-39
74            android:taskAffinity="com.tencent.sqlitelint" >
74-->[com.tencent.matrix:matrix-sqlite-lint-android-sdk:2.0.2] AndroidManifest.xml:17:13-58
75        </activity>
76        <activity
76-->[com.tencent.matrix:matrix-sqlite-lint-android-sdk:2.0.2] AndroidManifest.xml:19:9-23:20
77            android:name="com.tencent.sqlitelint.behaviour.alert.CheckResultActivity"
77-->[com.tencent.matrix:matrix-sqlite-lint-android-sdk:2.0.2] AndroidManifest.xml:20:13-86
78            android:launchMode="singleTop"
78-->[com.tencent.matrix:matrix-sqlite-lint-android-sdk:2.0.2] AndroidManifest.xml:21:13-43
79            android:taskAffinity="com.tencent.sqlitelint" >
79-->[com.tencent.matrix:matrix-sqlite-lint-android-sdk:2.0.2] AndroidManifest.xml:22:13-58
80        </activity>
81        <activity
81-->[com.tencent.matrix:matrix-sqlite-lint-android-sdk:2.0.2] AndroidManifest.xml:24:9-28:20
82            android:name="com.tencent.sqlitelint.behaviour.alert.IssueDetailActivity"
82-->[com.tencent.matrix:matrix-sqlite-lint-android-sdk:2.0.2] AndroidManifest.xml:25:13-86
83            android:launchMode="singleTop"
83-->[com.tencent.matrix:matrix-sqlite-lint-android-sdk:2.0.2] AndroidManifest.xml:26:13-43
84            android:taskAffinity="com.tencent.sqlitelint" >
84-->[com.tencent.matrix:matrix-sqlite-lint-android-sdk:2.0.2] AndroidManifest.xml:27:13-58
85        </activity>
86
87        <service
87-->[com.tencent.matrix:matrix-resource-canary-android:2.0.2] AndroidManifest.xml:20:9-25:19
88            android:name="com.tencent.matrix.resource.CanaryWorkerService"
88-->[com.tencent.matrix:matrix-resource-canary-android:2.0.2] AndroidManifest.xml:21:13-75
89            android:exported="false"
89-->[com.tencent.matrix:matrix-resource-canary-android:2.0.2] AndroidManifest.xml:22:13-37
90            android:permission="android.permission.BIND_JOB_SERVICE"
90-->[com.tencent.matrix:matrix-resource-canary-android:2.0.2] AndroidManifest.xml:23:13-69
91            android:process=":res_can_worker" >
91-->[com.tencent.matrix:matrix-resource-canary-android:2.0.2] AndroidManifest.xml:24:13-46
92        </service>
93        <service
93-->[com.tencent.matrix:matrix-resource-canary-android:2.0.2] AndroidManifest.xml:26:9-30:19
94            android:name="com.tencent.matrix.resource.CanaryResultService"
94-->[com.tencent.matrix:matrix-resource-canary-android:2.0.2] AndroidManifest.xml:27:13-75
95            android:exported="false"
95-->[com.tencent.matrix:matrix-resource-canary-android:2.0.2] AndroidManifest.xml:28:13-37
96            android:permission="android.permission.BIND_JOB_SERVICE" >
96-->[com.tencent.matrix:matrix-resource-canary-android:2.0.2] AndroidManifest.xml:29:13-69
97        </service>
98        <service
98-->[com.tencent.matrix:matrix-backtrace:2.0.2] AndroidManifest.xml:18:9-22:46
99            android:name="com.tencent.matrix.backtrace.WarmUpService"
99-->[com.tencent.matrix:matrix-backtrace:2.0.2] AndroidManifest.xml:19:13-70
100            android:enabled="true"
100-->[com.tencent.matrix:matrix-backtrace:2.0.2] AndroidManifest.xml:20:13-35
101            android:exported="false"
101-->[com.tencent.matrix:matrix-backtrace:2.0.2] AndroidManifest.xml:21:13-37
102            android:process=":backtrace__" />
102-->[com.tencent.matrix:matrix-backtrace:2.0.2] AndroidManifest.xml:22:13-43
103    </application>
104
105</manifest>